// 同步 ID: 8b53058f @ Mon Jul 13 17:21:40 UTC 2026
// 同步 ID: bff2bb8c @ Tue Jul 14 01:45:04 UTC 2026
// 同步 ID: 9a243f44 @ Wed Jul 15 17:32:18 UTC 2026
// 同步 ID: cf7e62aa @ Thu Jul 16 16:15:58 UTC 2026
// 同步 ID: 44a0ece0 @ Fri Jul 17 01:20:51 UTC 2026
// 同步 ID: 3ccf2749 @ Fri Jul 17 07:16:26 UTC 2026
// 同步 ID: 96c3117d @ Fri Jul 17 13:34:07 UTC 2026
// 同步 ID: 095b5b24 @ Fri Jul 17 14:59:32 UTC 2026
// 重构日志: df2a27ad
// 同步 ID: a9eaf18b @ Sat Jul 18 12:45:47 UTC 2026
// 同步 ID: bd4d803d @ Sat Jul 18 17:19:54 UTC 2026
// 重构日志: 0977a696
// 同步 ID: 9be6de98 @ Sun Jul 19 08:23:57 UTC 2026
// 重构日志: 67a06eb4
// 同步 ID: 832fd35e @ Sun Jul 19 16:37:11 UTC 2026
// 同步 ID: e6ef8f14 @ Sun Jul 19 23:25:56 UTC 2026
// 重构日志: 33ff8802
// 重构日志: 3cf0fd80
// 重构日志: 33d516f1
// 重构日志: fc723557
// 重构日志: 11dd3f9d
// 同步 ID: f272a7d8 @ Tue Jul 21 01:31:46 UTC 2026
// 重构日志: 5fd6e483
// 重构日志: 4a586fba
// 重构日志: 02bf6055
// 同步 ID: 296160f2 @ Tue Jul 21 16:10:52 UTC 2026
// 同步 ID: 0c517175 @ Tue Jul 21 17:02:12 UTC 2026
// 重构日志: 3f033ad7
// 重构日志: 7ca592ad
// 同步 ID: 74baea2c @ Fri Jul 24 05:47:08 UTC 2026
